/Users/xiawu/Documents/innovatebio_hackathon/envs/rfdiffusion-mac/lib/python3.10/site-packages/torch/cuda/__init__.py:56: FutureWarning: The pynvml package is deprecated. Please install nvidia-ml-py instead. If you did not install pynvml directly, please report this to the maintainers of the package that installed pynvml for you.
  import pynvml  # type: ignore[import]
/Users/xiawu/Documents/innovatebio_hackathon/protein_model_tools/RFdiffusion/rfdiffusion/util.py:253: UserWarning: Using torch.cross without specifying the dim arg is deprecated.
Please either pass the dim explicitly or simply use torch.linalg.cross.
The default value of dim will change to agree with that of linalg.cross in a future release. (Triggered internally at /Users/runner/work/pytorch/pytorch/pytorch/aten/src/ATen/native/Cross.cpp:66.)
  Z = torch.cross(Xn, Yn)
/Users/xiawu/Documents/innovatebio_hackathon/envs/rfdiffusion-mac/lib/python3.10/site-packages/torchdata/datapipes/__init__.py:18: UserWarning: 
################################################################################
WARNING!
The 'datapipes', 'dataloader2' modules are deprecated and will be removed in a
future torchdata release! Please see https://github.com/pytorch/data/issues/1196
to learn more and leave feedback.
################################################################################

  deprecation_warning()
[2026-06-29 16:23:12,118][__main__][INFO] - ////////////////////////////////////////////////
[2026-06-29 16:23:12,119][__main__][INFO] - ///// NO GPU DETECTED! Falling back to CPU /////
[2026-06-29 16:23:12,119][__main__][INFO] - ////////////////////////////////////////////////
Reading models from models
[2026-06-29 16:23:12,119][rfdiffusion.inference.model_runners][INFO] - Reading checkpoint from models/Base_ckpt.pt
This is inf_conf.ckpt_path
models/Base_ckpt.pt
Assembling -model, -diffuser and -preprocess configs from checkpoint
USING MODEL CONFIG: self._conf[model][n_extra_block] = 4
USING MODEL CONFIG: self._conf[model][n_main_block] = 32
USING MODEL CONFIG: self._conf[model][n_ref_block] = 4
USING MODEL CONFIG: self._conf[model][d_msa] = 256
USING MODEL CONFIG: self._conf[model][d_msa_full] = 64
USING MODEL CONFIG: self._conf[model][d_pair] = 128
USING MODEL CONFIG: self._conf[model][d_templ] = 64
USING MODEL CONFIG: self._conf[model][n_head_msa] = 8
USING MODEL CONFIG: self._conf[model][n_head_pair] = 4
USING MODEL CONFIG: self._conf[model][n_head_templ] = 4
USING MODEL CONFIG: self._conf[model][d_hidden] = 32
USING MODEL CONFIG: self._conf[model][d_hidden_templ] = 32
USING MODEL CONFIG: self._conf[model][p_drop] = 0.15
USING MODEL CONFIG: self._conf[model][SE3_param_full] = {'num_layers': 1, 'num_channels': 32, 'num_degrees': 2, 'n_heads': 4, 'div': 4, 'l0_in_features': 8, 'l0_out_features': 8, 'l1_in_features': 3, 'l1_out_features': 2, 'num_edge_features': 32}
USING MODEL CONFIG: self._conf[model][SE3_param_topk] = {'num_layers': 1, 'num_channels': 32, 'num_degrees': 2, 'n_heads': 4, 'div': 4, 'l0_in_features': 64, 'l0_out_features': 64, 'l1_in_features': 3, 'l1_out_features': 2, 'num_edge_features': 64}
USING MODEL CONFIG: self._conf[model][freeze_track_motif] = False
USING MODEL CONFIG: self._conf[model][use_motif_timestep] = True
USING MODEL CONFIG: self._conf[diffuser][T] = 50
USING MODEL CONFIG: self._conf[diffuser][b_0] = 0.01
USING MODEL CONFIG: self._conf[diffuser][b_T] = 0.07
USING MODEL CONFIG: self._conf[diffuser][schedule_type] = linear
USING MODEL CONFIG: self._conf[diffuser][so3_type] = igso3
USING MODEL CONFIG: self._conf[diffuser][crd_scale] = 0.25
USING MODEL CONFIG: self._conf[diffuser][so3_schedule_type] = linear
USING MODEL CONFIG: self._conf[diffuser][min_b] = 1.5
USING MODEL CONFIG: self._conf[diffuser][max_b] = 2.5
USING MODEL CONFIG: self._conf[diffuser][min_sigma] = 0.02
USING MODEL CONFIG: self._conf[diffuser][max_sigma] = 1.5
USING MODEL CONFIG: self._conf[preprocess][sidechain_input] = False
USING MODEL CONFIG: self._conf[preprocess][motif_sidechain_input] = True
USING MODEL CONFIG: self._conf[preprocess][d_t1d] = 22
USING MODEL CONFIG: self._conf[preprocess][d_t2d] = 44
USING MODEL CONFIG: self._conf[preprocess][prob_self_cond] = 0.5
USING MODEL CONFIG: self._conf[preprocess][str_self_cond] = True
USING MODEL CONFIG: self._conf[preprocess][predict_previous] = False
[2026-06-29 16:23:13,190][rfdiffusion.inference.model_runners][INFO] - Loading checkpoint.
[2026-06-29 16:23:13,325][rfdiffusion.diffusion][INFO] - Calculating IGSO3.
Successful diffuser __init__
[2026-06-29 16:23:27,589][__main__][INFO] - Making design /Users/xiawu/Documents/innovatebio_hackathon/teaching_demo/rfdiff_out/denovo_0
[2026-06-29 16:23:27,593][rfdiffusion.inference.model_runners][INFO] - Using contig: ['50-50']
With this beta schedule (linear schedule, beta_0 = 0.04, beta_T = 0.28), alpha_bar_T = 0.00013696050154976547
[2026-06-29 16:23:27,605][rfdiffusion.inference.model_runners][INFO] - Sequence init: --------------------------------------------------
Error executing job with overrides: ['contigmap.contigs=[50-50]', 'inference.output_prefix=/Users/xiawu/Documents/innovatebio_hackathon/teaching_demo/rfdiff_out/denovo', 'inference.num_designs=1', 'inference.model_directory_path=models']
Traceback (most recent call last):
  File "/Users/xiawu/Documents/innovatebio_hackathon/protein_model_tools/RFdiffusion/scripts/run_inference.py", line 94, in main
    px0, x_t, seq_t, plddt = sampler.sample_step(
  File "/Users/xiawu/Documents/innovatebio_hackathon/protein_model_tools/RFdiffusion/rfdiffusion/inference/model_runners.py", line 845, in sample_step
    msa_prev, pair_prev, px0, state_prev, alpha, logits, plddt = self.model(
  File "/Users/xiawu/Documents/innovatebio_hackathon/envs/rfdiffusion-mac/lib/python3.10/site-packages/torch/nn/modules/module.py", line 1532, in _wrapped_call_impl
    return self._call_impl(*args, **kwargs)
  File "/Users/xiawu/Documents/innovatebio_hackathon/envs/rfdiffusion-mac/lib/python3.10/site-packages/torch/nn/modules/module.py", line 1541, in _call_impl
    return forward_call(*args, **kwargs)
  File "/Users/xiawu/Documents/innovatebio_hackathon/protein_model_tools/RFdiffusion/rfdiffusion/RoseTTAFoldModel.py", line 103, in forward
    msa, pair, R, T, alpha_s, state = self.simulator(seq, msa_latent, msa_full, pair, xyz[:,:,:3],
  File "/Users/xiawu/Documents/innovatebio_hackathon/envs/rfdiffusion-mac/lib/python3.10/site-packages/torch/nn/modules/module.py", line 1532, in _wrapped_call_impl
    return self._call_impl(*args, **kwargs)
  File "/Users/xiawu/Documents/innovatebio_hackathon/envs/rfdiffusion-mac/lib/python3.10/site-packages/torch/nn/modules/module.py", line 1541, in _call_impl
    return forward_call(*args, **kwargs)
  File "/Users/xiawu/Documents/innovatebio_hackathon/protein_model_tools/RFdiffusion/rfdiffusion/Track_module.py", line 420, in forward
    msa_full, pair, R_in, T_in, state, alpha = self.extra_block[i_m](msa_full,
  File "/Users/xiawu/Documents/innovatebio_hackathon/envs/rfdiffusion-mac/lib/python3.10/site-packages/torch/nn/modules/module.py", line 1532, in _wrapped_call_impl
    return self._call_impl(*args, **kwargs)
  File "/Users/xiawu/Documents/innovatebio_hackathon/envs/rfdiffusion-mac/lib/python3.10/site-packages/torch/nn/modules/module.py", line 1541, in _call_impl
    return forward_call(*args, **kwargs)
  File "/Users/xiawu/Documents/innovatebio_hackathon/protein_model_tools/RFdiffusion/rfdiffusion/Track_module.py", line 332, in forward
    R, T, state, alpha = self.str2str(msa, pair, R_in, T_in, xyz, state, idx, motif_mask=motif_mask, cyclic_reses=cyclic_reses, top_k=0)
  File "/Users/xiawu/Documents/innovatebio_hackathon/envs/rfdiffusion-mac/lib/python3.10/site-packages/torch/nn/modules/module.py", line 1532, in _wrapped_call_impl
    return self._call_impl(*args, **kwargs)
  File "/Users/xiawu/Documents/innovatebio_hackathon/envs/rfdiffusion-mac/lib/python3.10/site-packages/torch/nn/modules/module.py", line 1541, in _call_impl
    return forward_call(*args, **kwargs)
  File "/Users/xiawu/Documents/innovatebio_hackathon/envs/rfdiffusion-mac/lib/python3.10/site-packages/torch/amp/autocast_mode.py", line 16, in decorate_autocast
    return func(*args, **kwargs)
  File "/Users/xiawu/Documents/innovatebio_hackathon/protein_model_tools/RFdiffusion/rfdiffusion/Track_module.py", line 266, in forward
    shift = self.se3(G, node.reshape(B*L, -1, 1), l1_feats, edge_feats)
  File "/Users/xiawu/Documents/innovatebio_hackathon/envs/rfdiffusion-mac/lib/python3.10/site-packages/torch/nn/modules/module.py", line 1532, in _wrapped_call_impl
    return self._call_impl(*args, **kwargs)
  File "/Users/xiawu/Documents/innovatebio_hackathon/envs/rfdiffusion-mac/lib/python3.10/site-packages/torch/nn/modules/module.py", line 1541, in _call_impl
    return forward_call(*args, **kwargs)
  File "/Users/xiawu/Documents/innovatebio_hackathon/protein_model_tools/RFdiffusion/rfdiffusion/SE3_network.py", line 83, in forward
    return self.se3(G, node_features, edge_features)
  File "/Users/xiawu/Documents/innovatebio_hackathon/envs/rfdiffusion-mac/lib/python3.10/site-packages/torch/nn/modules/module.py", line 1532, in _wrapped_call_impl
    return self._call_impl(*args, **kwargs)
  File "/Users/xiawu/Documents/innovatebio_hackathon/envs/rfdiffusion-mac/lib/python3.10/site-packages/torch/nn/modules/module.py", line 1541, in _call_impl
    return forward_call(*args, **kwargs)
  File "/Users/xiawu/Documents/innovatebio_hackathon/protein_model_tools/RFdiffusion/env/SE3Transformer/se3_transformer/model/transformer.py", line 140, in forward
    basis = basis or get_basis(graph.edata['rel_pos'], max_degree=self.max_degree, compute_gradients=False,
  File "/Users/xiawu/Documents/innovatebio_hackathon/protein_model_tools/RFdiffusion/env/SE3Transformer/se3_transformer/model/basis.py", line 166, in get_basis
    with nvtx_range('spherical harmonics'):
  File "/Users/xiawu/Documents/innovatebio_hackathon/envs/rfdiffusion-mac/lib/python3.10/contextlib.py", line 135, in __enter__
    return next(self.gen)
  File "/Users/xiawu/Documents/innovatebio_hackathon/envs/rfdiffusion-mac/lib/python3.10/site-packages/torch/cuda/nvtx.py", line 87, in range
    range_push(msg.format(*args, **kwargs))
  File "/Users/xiawu/Documents/innovatebio_hackathon/envs/rfdiffusion-mac/lib/python3.10/site-packages/torch/cuda/nvtx.py", line 32, in range_push
    return _nvtx.rangePushA(msg)
  File "/Users/xiawu/Documents/innovatebio_hackathon/envs/rfdiffusion-mac/lib/python3.10/site-packages/torch/cuda/nvtx.py", line 12, in _fail
    raise RuntimeError(
RuntimeError: NVTX functions not installed. Are you sure you have a CUDA build?

Set the environment variable HYDRA_FULL_ERROR=1 for a complete stack trace.
