/Users/xiawu/Documents/innovatebio_hackathon/envs/rfdiffusion-mac/lib/python3.10/site-packages/torch/cuda/__init__.py:56: FutureWarning: The pynvml package is deprecated. Please install nvidia-ml-py instead. If you did not install pynvml directly, please report this to the maintainers of the package that installed pynvml for you.
  import pynvml  # type: ignore[import]
/Users/xiawu/Documents/innovatebio_hackathon/protein_model_tools/RFdiffusion/rfdiffusion/util.py:253: UserWarning: Using torch.cross without specifying the dim arg is deprecated.
Please either pass the dim explicitly or simply use torch.linalg.cross.
The default value of dim will change to agree with that of linalg.cross in a future release. (Triggered internally at /Users/runner/work/pytorch/pytorch/pytorch/aten/src/ATen/native/Cross.cpp:66.)
  Z = torch.cross(Xn, Yn)
/Users/xiawu/Documents/innovatebio_hackathon/envs/rfdiffusion-mac/lib/python3.10/site-packages/torchdata/datapipes/__init__.py:18: UserWarning: 
################################################################################
WARNING!
The 'datapipes', 'dataloader2' modules are deprecated and will be removed in a
future torchdata release! Please see https://github.com/pytorch/data/issues/1196
to learn more and leave feedback.
################################################################################

  deprecation_warning()
[2026-06-29 16:24:48,286][__main__][INFO] - ////////////////////////////////////////////////
[2026-06-29 16:24:48,286][__main__][INFO] - ///// NO GPU DETECTED! Falling back to CPU /////
[2026-06-29 16:24:48,286][__main__][INFO] - ////////////////////////////////////////////////
Reading models from models
[2026-06-29 16:24:48,286][rfdiffusion.inference.model_runners][INFO] - Reading checkpoint from models/Base_ckpt.pt
This is inf_conf.ckpt_path
models/Base_ckpt.pt
Assembling -model, -diffuser and -preprocess configs from checkpoint
USING MODEL CONFIG: self._conf[model][n_extra_block] = 4
USING MODEL CONFIG: self._conf[model][n_main_block] = 32
USING MODEL CONFIG: self._conf[model][n_ref_block] = 4
USING MODEL CONFIG: self._conf[model][d_msa] = 256
USING MODEL CONFIG: self._conf[model][d_msa_full] = 64
USING MODEL CONFIG: self._conf[model][d_pair] = 128
USING MODEL CONFIG: self._conf[model][d_templ] = 64
USING MODEL CONFIG: self._conf[model][n_head_msa] = 8
USING MODEL CONFIG: self._conf[model][n_head_pair] = 4
USING MODEL CONFIG: self._conf[model][n_head_templ] = 4
USING MODEL CONFIG: self._conf[model][d_hidden] = 32
USING MODEL CONFIG: self._conf[model][d_hidden_templ] = 32
USING MODEL CONFIG: self._conf[model][p_drop] = 0.15
USING MODEL CONFIG: self._conf[model][SE3_param_full] = {'num_layers': 1, 'num_channels': 32, 'num_degrees': 2, 'n_heads': 4, 'div': 4, 'l0_in_features': 8, 'l0_out_features': 8, 'l1_in_features': 3, 'l1_out_features': 2, 'num_edge_features': 32}
USING MODEL CONFIG: self._conf[model][SE3_param_topk] = {'num_layers': 1, 'num_channels': 32, 'num_degrees': 2, 'n_heads': 4, 'div': 4, 'l0_in_features': 64, 'l0_out_features': 64, 'l1_in_features': 3, 'l1_out_features': 2, 'num_edge_features': 64}
USING MODEL CONFIG: self._conf[model][freeze_track_motif] = False
USING MODEL CONFIG: self._conf[model][use_motif_timestep] = True
USING MODEL CONFIG: self._conf[diffuser][T] = 50
USING MODEL CONFIG: self._conf[diffuser][b_0] = 0.01
USING MODEL CONFIG: self._conf[diffuser][b_T] = 0.07
USING MODEL CONFIG: self._conf[diffuser][schedule_type] = linear
USING MODEL CONFIG: self._conf[diffuser][so3_type] = igso3
USING MODEL CONFIG: self._conf[diffuser][crd_scale] = 0.25
USING MODEL CONFIG: self._conf[diffuser][so3_schedule_type] = linear
USING MODEL CONFIG: self._conf[diffuser][min_b] = 1.5
USING MODEL CONFIG: self._conf[diffuser][max_b] = 2.5
USING MODEL CONFIG: self._conf[diffuser][min_sigma] = 0.02
USING MODEL CONFIG: self._conf[diffuser][max_sigma] = 1.5
USING MODEL CONFIG: self._conf[preprocess][sidechain_input] = False
USING MODEL CONFIG: self._conf[preprocess][motif_sidechain_input] = True
USING MODEL CONFIG: self._conf[preprocess][d_t1d] = 22
USING MODEL CONFIG: self._conf[preprocess][d_t2d] = 44
USING MODEL CONFIG: self._conf[preprocess][prob_self_cond] = 0.5
USING MODEL CONFIG: self._conf[preprocess][str_self_cond] = True
USING MODEL CONFIG: self._conf[preprocess][predict_previous] = False
[2026-06-29 16:24:49,352][rfdiffusion.inference.model_runners][INFO] - Loading checkpoint.
[2026-06-29 16:24:49,487][rfdiffusion.diffusion][INFO] - Using cached IGSO3.
Successful diffuser __init__
[2026-06-29 16:24:49,492][__main__][INFO] - Making design /Users/xiawu/Documents/innovatebio_hackathon/teaching_demo/rfdiff_out/denovo_0
[2026-06-29 16:24:49,494][rfdiffusion.inference.model_runners][INFO] - Using contig: ['30-30']
With this beta schedule (linear schedule, beta_0 = 0.04, beta_T = 0.28), alpha_bar_T = 0.00013696050154976547
[2026-06-29 16:24:49,501][rfdiffusion.inference.model_runners][INFO] - Sequence init: ------------------------------
[2026-06-29 16:24:50,646][rfdiffusion.inference.model_runners][INFO] - Timestep 50, input to next step: ------------------------------
[2026-06-29 16:24:51,378][rfdiffusion.inference.model_runners][INFO] - Timestep 49, input to next step: ------------------------------
[2026-06-29 16:24:52,238][rfdiffusion.inference.model_runners][INFO] - Timestep 48, input to next step: ------------------------------
[2026-06-29 16:24:53,076][rfdiffusion.inference.model_runners][INFO] - Timestep 47, input to next step: ------------------------------
[2026-06-29 16:24:53,987][rfdiffusion.inference.model_runners][INFO] - Timestep 46, input to next step: ------------------------------
[2026-06-29 16:24:54,855][rfdiffusion.inference.model_runners][INFO] - Timestep 45, input to next step: ------------------------------
[2026-06-29 16:24:55,749][rfdiffusion.inference.model_runners][INFO] - Timestep 44, input to next step: ------------------------------
[2026-06-29 16:24:56,619][rfdiffusion.inference.model_runners][INFO] - Timestep 43, input to next step: ------------------------------
[2026-06-29 16:24:57,466][rfdiffusion.inference.model_runners][INFO] - Timestep 42, input to next step: ------------------------------
[2026-06-29 16:24:58,222][rfdiffusion.inference.model_runners][INFO] - Timestep 41, input to next step: ------------------------------
[2026-06-29 16:24:59,138][rfdiffusion.inference.model_runners][INFO] - Timestep 40, input to next step: ------------------------------
[2026-06-29 16:25:00,086][rfdiffusion.inference.model_runners][INFO] - Timestep 39, input to next step: ------------------------------
[2026-06-29 16:25:01,055][rfdiffusion.inference.model_runners][INFO] - Timestep 38, input to next step: ------------------------------
[2026-06-29 16:25:02,336][rfdiffusion.inference.model_runners][INFO] - Timestep 37, input to next step: ------------------------------
[2026-06-29 16:25:03,255][rfdiffusion.inference.model_runners][INFO] - Timestep 36, input to next step: ------------------------------
[2026-06-29 16:25:04,209][rfdiffusion.inference.model_runners][INFO] - Timestep 35, input to next step: ------------------------------
[2026-06-29 16:25:05,162][rfdiffusion.inference.model_runners][INFO] - Timestep 34, input to next step: ------------------------------
[2026-06-29 16:25:05,962][rfdiffusion.inference.model_runners][INFO] - Timestep 33, input to next step: ------------------------------
[2026-06-29 16:25:06,800][rfdiffusion.inference.model_runners][INFO] - Timestep 32, input to next step: ------------------------------
[2026-06-29 16:25:07,851][rfdiffusion.inference.model_runners][INFO] - Timestep 31, input to next step: ------------------------------
[2026-06-29 16:25:08,844][rfdiffusion.inference.model_runners][INFO] - Timestep 30, input to next step: ------------------------------
[2026-06-29 16:25:09,668][rfdiffusion.inference.model_runners][INFO] - Timestep 29, input to next step: ------------------------------
[2026-06-29 16:25:10,485][rfdiffusion.inference.model_runners][INFO] - Timestep 28, input to next step: ------------------------------
[2026-06-29 16:25:11,345][rfdiffusion.inference.model_runners][INFO] - Timestep 27, input to next step: ------------------------------
[2026-06-29 16:25:12,212][rfdiffusion.inference.model_runners][INFO] - Timestep 26, input to next step: ------------------------------
[2026-06-29 16:25:13,060][rfdiffusion.inference.model_runners][INFO] - Timestep 25, input to next step: ------------------------------
[2026-06-29 16:25:13,987][rfdiffusion.inference.model_runners][INFO] - Timestep 24, input to next step: ------------------------------
[2026-06-29 16:25:15,025][rfdiffusion.inference.model_runners][INFO] - Timestep 23, input to next step: ------------------------------
[2026-06-29 16:25:16,030][rfdiffusion.inference.model_runners][INFO] - Timestep 22, input to next step: ------------------------------
[2026-06-29 16:25:16,861][rfdiffusion.inference.model_runners][INFO] - Timestep 21, input to next step: ------------------------------
[2026-06-29 16:25:17,659][rfdiffusion.inference.model_runners][INFO] - Timestep 20, input to next step: ------------------------------
[2026-06-29 16:25:18,401][rfdiffusion.inference.model_runners][INFO] - Timestep 19, input to next step: ------------------------------
[2026-06-29 16:25:19,188][rfdiffusion.inference.model_runners][INFO] - Timestep 18, input to next step: ------------------------------
[2026-06-29 16:25:20,052][rfdiffusion.inference.model_runners][INFO] - Timestep 17, input to next step: ------------------------------
[2026-06-29 16:25:21,272][rfdiffusion.inference.model_runners][INFO] - Timestep 16, input to next step: ------------------------------
[2026-06-29 16:25:22,249][rfdiffusion.inference.model_runners][INFO] - Timestep 15, input to next step: ------------------------------
[2026-06-29 16:25:23,148][rfdiffusion.inference.model_runners][INFO] - Timestep 14, input to next step: ------------------------------
[2026-06-29 16:25:24,045][rfdiffusion.inference.model_runners][INFO] - Timestep 13, input to next step: ------------------------------
[2026-06-29 16:25:25,000][rfdiffusion.inference.model_runners][INFO] - Timestep 12, input to next step: ------------------------------
[2026-06-29 16:25:26,191][rfdiffusion.inference.model_runners][INFO] - Timestep 11, input to next step: ------------------------------
[2026-06-29 16:25:27,154][rfdiffusion.inference.model_runners][INFO] - Timestep 10, input to next step: ------------------------------
[2026-06-29 16:25:28,034][rfdiffusion.inference.model_runners][INFO] - Timestep 9, input to next step: ------------------------------
[2026-06-29 16:25:28,895][rfdiffusion.inference.model_runners][INFO] - Timestep 8, input to next step: ------------------------------
[2026-06-29 16:25:29,740][rfdiffusion.inference.model_runners][INFO] - Timestep 7, input to next step: ------------------------------
[2026-06-29 16:25:30,585][rfdiffusion.inference.model_runners][INFO] - Timestep 6, input to next step: ------------------------------
[2026-06-29 16:25:31,504][rfdiffusion.inference.model_runners][INFO] - Timestep 5, input to next step: ------------------------------
[2026-06-29 16:25:32,529][rfdiffusion.inference.model_runners][INFO] - Timestep 4, input to next step: ------------------------------
[2026-06-29 16:25:33,558][rfdiffusion.inference.model_runners][INFO] - Timestep 3, input to next step: ------------------------------
[2026-06-29 16:25:34,437][rfdiffusion.inference.model_runners][INFO] - Timestep 2, input to next step: ------------------------------
[2026-06-29 16:25:35,593][__main__][INFO] - Finished design in 0.77 minutes
